[debug] [2023-07-30T18:55:13.729Z] ----------------------------------------------------------------------
[debug] [2023-07-30T18:55:13.731Z] Command:       C:\Program Files\nodejs\node.exe C:\Users\ASUS\AppData\Roaming\npm\node_modules\firebase-tools\lib\bin\firebase.js init
[debug] [2023-07-30T18:55:13.731Z] CLI Version:   12.4.5
[debug] [2023-07-30T18:55:13.732Z] Platform:      win32
[debug] [2023-07-30T18:55:13.732Z] Node Version:  v18.15.0
[debug] [2023-07-30T18:55:13.733Z] Time:          Mon Jul 31 2023 00:25:13 GMT+0530 (India Standard Time)
[debug] [2023-07-30T18:55:13.733Z] ----------------------------------------------------------------------
[debug] 
[debug] [2023-07-30T18:55:13.807Z] > command requires scopes: ["email","openid","https://www.googleapis.com/auth/cloudplatformprojects.readonly","https://www.googleapis.com/auth/firebase","https://www.googleapis.com/auth/cloud-platform"]
[debug] [2023-07-30T18:55:13.808Z] > authorizing via signed-in user (ayushwasnik999@gmail.com)
[info] 
     ######## #### ########  ######## ########     ###     ######  ########
     ##        ##  ##     ## ##       ##     ##  ##   ##  ##       ##
     ######    ##  ########  ######   ########  #########  ######  ######
     ##        ##  ##    ##  ##       ##     ## ##     ##       ## ##
     ##       #### ##     ## ######## ########  ##     ##  ######  ########

You're about to initialize a Firebase project in this directory:

  D:\Projects\Amazon Website\amazon-clone

Before we get started, keep in mind:

  * You are initializing within an existing Firebase project directory

[info] 
=== Project Setup
[info] 
[info] First, let's associate this project directory with a Firebase project.
[info] You can create multiple project aliases by running firebase use --add, 
[info] but for now we'll just set up a default project.
[info] 
[debug] [2023-07-30T18:56:26.316Z] Using project from CLI flag: clone-67d4c
[debug] [2023-07-30T18:56:26.317Z] > refreshing access token with scopes: []
[debug] [2023-07-30T18:56:26.319Z] >>> [apiv2][query] POST https://www.googleapis.com/oauth2/v3/token [none]
[debug] [2023-07-30T18:56:26.319Z] >>> [apiv2][body] POST https://www.googleapis.com/oauth2/v3/token [omitted]
[debug] [2023-07-30T18:56:26.862Z] <<< [apiv2][status] POST https://www.googleapis.com/oauth2/v3/token 400
[debug] [2023-07-30T18:56:26.862Z] <<< [apiv2][body] POST https://www.googleapis.com/oauth2/v3/token [omitted]
[debug] [2023-07-30T18:56:26.863Z] >>> [apiv2][query] GET https://firebase.googleapis.com/v1beta1/projects/clone-67d4c [none]
[debug] [2023-07-30T18:56:27.662Z] <<< [apiv2][status] GET https://firebase.googleapis.com/v1beta1/projects/clone-67d4c 401
[debug] [2023-07-30T18:56:27.663Z] <<< [apiv2][body] GET https://firebase.googleapis.com/v1beta1/projects/clone-67d4c {"error":{"code":401,"message":"Request had invalid authentication credentials. Expected OAuth 2 access token, login cookie or other valid authentication credential. See https://developers.google.com/identity/sign-in/web/devconsole-project.","status":"UNAUTHENTICATED"}}
[debug] [2023-07-30T18:56:27.664Z] HTTP Error: 401, Request had invalid authentication credentials. Expected OAuth 2 access token, login cookie or other valid authentication credential. See https://developers.google.com/identity/sign-in/web/devconsole-project.
[debug] [2023-07-30T18:56:28.055Z] FirebaseError: HTTP Error: 401, Request had invalid authentication credentials. Expected OAuth 2 access token, login cookie or other valid authentication credential. See https://developers.google.com/identity/sign-in/web/devconsole-project.
    at responseToError (C:\Users\ASUS\AppData\Roaming\npm\node_modules\firebase-tools\lib\responseToError.js:49:12)
    at RetryOperation._fn (C:\Users\ASUS\AppData\Roaming\npm\node_modules\firebase-tools\lib\apiv2.js:285:77)
    at process.processTicksAndRejections (node:internal/process/task_queues:95:5)
[error] 
[error] Error: Failed to get Firebase project clone-67d4c. Please make sure the project exists and your account has permission to access it.
